<?xml version="1.0" encoding="UTF-8"?>
<testsuite name="masterSpringMvc.MasterSpringMvcApplicationTests" tests="1" skipped="0" failures="0" errors="0" timestamp="2016-03-16T08:33:13" hostname="client-wi7-mma" time="0.0">
  <properties/>
  <testcase name="contextLoads" classname="masterSpringMvc.MasterSpringMvcApplicationTests" time="0.0"/>
  <system-out><![CDATA[09:33:11.589 [Test worker] DEBUG o.s.t.c.j.SpringJUnit4ClassRunner - SpringJUnit4ClassRunner constructor called with [class masterSpringMvc.MasterSpringMvcApplicationTests]
09:33:11.589 [Test worker] DEBUG o.s.test.context.BootstrapUtils - Instantiating CacheAwareContextLoaderDelegate from class [org.springframework.test.context.cache.DefaultCacheAwareContextLoaderDelegate]
09:33:11.589 [Test worker] DEBUG o.s.test.context.BootstrapUtils - Instantiating BootstrapContext using constructor [public org.springframework.test.context.support.DefaultBootstrapContext(java.lang.Class,org.springframework.test.context.CacheAwareContextLoaderDelegate)]
09:33:11.605 [Test worker] DEBUG o.s.test.context.BootstrapUtils - Instantiating TestContextBootstrapper for test class [masterSpringMvc.MasterSpringMvcApplicationTests] from class [org.springframework.test.context.web.WebTestContextBootstrapper]
09:33:11.620 [Test worker] DEBUG o.s.t.c.w.WebTestContextBootstrapper - Found explicit ContextLoader class [org.springframework.boot.test.SpringApplicationContextLoader] for context configuration attributes [ContextConfigurationAttributes@4b445ece declaringClass = 'masterSpringMvc.MasterSpringMvcApplicationTests', classes = '{class masterSpringMvc.MasterSpringMvcApplication}', locations = '{}', inheritLocations = true, initializers = '{}', inheritInitializers = true, name = [null], contextLoaderClass = 'org.springframework.boot.test.SpringApplicationContextLoader']
09:33:11.620 [Test worker] DEBUG o.s.t.c.s.AbstractContextLoader - Did not detect default resource location for test class [masterSpringMvc.MasterSpringMvcApplicationTests]: class path resource [masterSpringMvc/MasterSpringMvcApplicationTests-context.xml] does not exist
09:33:11.620 [Test worker] DEBUG o.s.t.c.s.AbstractContextLoader - Did not detect default resource location for test class [masterSpringMvc.MasterSpringMvcApplicationTests]: class path resource [masterSpringMvc/MasterSpringMvcApplicationTestsContext.groovy] does not exist
09:33:11.620 [Test worker] INFO  o.s.t.c.s.AbstractContextLoader - Could not detect default resource locations for test class [masterSpringMvc.MasterSpringMvcApplicationTests]: no resource found for suffixes {-context.xml, Context.groovy}.
09:33:11.620 [Test worker] DEBUG o.s.t.c.support.ActiveProfilesUtils - Could not find an 'annotation declaring class' for annotation type [org.springframework.test.context.ActiveProfiles] and class [masterSpringMvc.MasterSpringMvcApplicationTests]
09:33:11.620 [Test worker] DEBUG o.s.t.c.w.WebTestContextBootstrapper - @TestExecutionListeners is not present for class [masterSpringMvc.MasterSpringMvcApplicationTests]: using defaults.
09:33:11.636 [Test worker] INFO  o.s.t.c.w.WebTestContextBootstrapper - Loaded default TestExecutionListener class names from location [META-INF/spring.factories]: [org.springframework.test.context.web.ServletTestExecutionListener, org.springframework.test.context.support.DirtiesContextBeforeModesTestExecutionListener, org.springframework.test.context.support.DependencyInjectionTestExecutionListener, org.springframework.test.context.support.DirtiesContextTestExecutionListener, org.springframework.test.context.transaction.TransactionalTestExecutionListener, org.springframework.test.context.jdbc.SqlScriptsTestExecutionListener]
09:33:11.636 [Test worker] INFO  o.s.t.c.w.WebTestContextBootstrapper - Could not instantiate TestExecutionListener [org.springframework.test.context.transaction.TransactionalTestExecutionListener]. Specify custom listener classes or make the default listener classes (and their required dependencies) available. Offending class: [org/springframework/transaction/interceptor/TransactionAttributeSource]
09:33:11.636 [Test worker] INFO  o.s.t.c.w.WebTestContextBootstrapper - Could not instantiate TestExecutionListener [org.springframework.test.context.jdbc.SqlScriptsTestExecutionListener]. Specify custom listener classes or make the default listener classes (and their required dependencies) available. Offending class: [org/springframework/transaction/interceptor/TransactionAttribute]
09:33:11.636 [Test worker] INFO  o.s.t.c.w.WebTestContextBootstrapper - Using TestExecutionListeners: [org.springframework.test.context.web.ServletTestExecutionListener@4404930a, org.springframework.test.context.support.DirtiesContextBeforeModesTestExecutionListener@e1474b5, org.springframework.test.context.support.DependencyInjectionTestExecutionListener@2ae2beff, org.springframework.test.context.support.DirtiesContextTestExecutionListener@384600a5]
09:33:11.636 [Test worker] DEBUG o.s.t.annotation.ProfileValueUtils - Retrieved @ProfileValueSourceConfiguration [null] for test class [masterSpringMvc.MasterSpringMvcApplicationTests]
09:33:11.636 [Test worker] DEBUG o.s.t.annotation.ProfileValueUtils - Retrieved ProfileValueSource type [class org.springframework.test.annotation.SystemProfileValueSource] for class [masterSpringMvc.MasterSpringMvcApplicationTests]
09:33:11.636 [Test worker] DEBUG o.s.t.annotation.ProfileValueUtils - Retrieved @ProfileValueSourceConfiguration [null] for test class [masterSpringMvc.MasterSpringMvcApplicationTests]
09:33:11.636 [Test worker] DEBUG o.s.t.annotation.ProfileValueUtils - Retrieved ProfileValueSource type [class org.springframework.test.annotation.SystemProfileValueSource] for class [masterSpringMvc.MasterSpringMvcApplicationTests]
09:33:11.651 [Test worker] DEBUG o.s.t.c.s.AbstractDirtiesContextTestExecutionListener - Before test class: context [DefaultTestContext@2da1703d testClass = MasterSpringMvcApplicationTests, testInstance = [null], testMethod = [null], testException = [null], mergedContextConfiguration = [WebMergedContextConfiguration@2b9272bd testClass = MasterSpringMvcApplicationTests, locations = '{}', classes = '{class masterSpringMvc.MasterSpringMvcApplication}', contextInitializerClasses = '[]', activeProfiles = '{}', propertySourceLocations = '{}', propertySourceProperties = '{}', resourceBasePath = 'src/main/webapp', contextLoader = 'org.springframework.boot.test.SpringApplicationContextLoader', parent = [null]]], class annotated with @DirtiesContext [false] with mode [null].
09:33:11.651 [Test worker] DEBUG o.s.t.annotation.ProfileValueUtils - Retrieved @ProfileValueSourceConfiguration [null] for test class [masterSpringMvc.MasterSpringMvcApplicationTests]
09:33:11.651 [Test worker] DEBUG o.s.t.annotation.ProfileValueUtils - Retrieved ProfileValueSource type [class org.springframework.test.annotation.SystemProfileValueSource] for class [masterSpringMvc.MasterSpringMvcApplicationTests]
09:33:11.698 [Test worker] DEBUG o.s.core.env.StandardEnvironment - Adding [systemProperties] PropertySource with lowest search precedence
09:33:11.698 [Test worker] DEBUG o.s.core.env.StandardEnvironment - Adding [systemEnvironment] PropertySource with lowest search precedence
09:33:11.698 [Test worker] DEBUG o.s.core.env.StandardEnvironment - Initialized StandardEnvironment with PropertySources [systemProperties,systemEnvironment]
09:33:11.698 [Test worker] DEBUG o.s.core.env.StandardEnvironment - Adding [integrationTest] PropertySource with search precedence immediately lower than [systemEnvironment]

  .   ____          _            __ _ _
 /\\ / ___'_ __ _ _(_)_ __  __ _ \ \ \ \
( ( )\___ | '_ | '_| | '_ \/ _` | \ \ \ \
 \\/  ___)| |_)| | | | | || (_| |  ) ) ) )
  '  |____| .__|_| |_|_| |_\__, | / / / /
 =========|_|==============|___/=/_/_/_/
 :: Spring Boot ::        (v1.3.3.RELEASE)

2016-03-16 09:33:11.885  INFO 8712 --- [    Test worker] m.MasterSpringMvcApplicationTests        : Starting MasterSpringMvcApplicationTests on client-wi7-mma with PID 8712 (C:\Users\nechofski\Documents\workspace-sts\masterSpringMvc\build\classes\test started by Nechofski in C:\Users\nechofski\Documents\workspace-sts\masterSpringMvc)
2016-03-16 09:33:11.885  INFO 8712 --- [    Test worker] m.MasterSpringMvcApplicationTests        : No active profile set, falling back to default profiles: default
2016-03-16 09:33:11.948  INFO 8712 --- [    Test worker] o.s.w.c.s.GenericWebApplicationContext   : Refreshing org.springframework.web.context.support.GenericWebApplicationContext@435d87f8: startup date [Wed Mar 16 09:33:11 CET 2016]; root of context hierarchy
2016-03-16 09:33:12.369  INFO 8712 --- [    Test worker] o.s.b.f.s.DefaultListableBeanFactory     : Overriding bean definition for bean 'beanNameViewResolver' with a different definition: replacing [Root bean: class [null]; scope=; abstract=false; lazyInit=false; autowireMode=3; dependencyCheck=0; autowireCandidate=true; primary=false; factoryBeanName=org.springframework.boot.autoconfigure.web.ErrorMvcAutoConfiguration$WhitelabelErrorViewConfiguration; factoryMethodName=beanNameViewResolver; initMethodName=null; destroyMethodName=(inferred); defined in class path resource [org/springframework/boot/autoconfigure/web/ErrorMvcAutoConfiguration$WhitelabelErrorViewConfiguration.class]] with [Root bean: class [null]; scope=; abstract=false; lazyInit=false; autowireMode=3; dependencyCheck=0; autowireCandidate=true; primary=false; factoryBeanName=org.springframework.boot.autoconfigure.web.WebMvcAutoConfiguration$WebMvcAutoConfigurationAdapter; factoryMethodName=beanNameViewResolver; initMethodName=null; destroyMethodName=(inferred); defined in class path resource [org/springframework/boot/autoconfigure/web/WebMvcAutoConfiguration$WebMvcAutoConfigurationAdapter.class]]
2016-03-16 09:33:12.946  INFO 8712 --- [    Test worker] s.w.s.m.m.a.RequestMappingHandlerAdapter : Looking for @ControllerAdvice: org.springframework.web.context.support.GenericWebApplicationContext@435d87f8: startup date [Wed Mar 16 09:33:11 CET 2016]; root of context hierarchy
2016-03-16 09:33:12.977  INFO 8712 --- [    Test worker] s.w.s.m.m.a.RequestMappingHandlerMapping : Mapped "{[/error]}" onto public org.springframework.http.ResponseEntity<java.util.Map<java.lang.String, java.lang.Object>> org.springframework.boot.autoconfigure.web.BasicErrorController.error(javax.servlet.http.HttpServletRequest)
2016-03-16 09:33:12.977  INFO 8712 --- [    Test worker] s.w.s.m.m.a.RequestMappingHandlerMapping : Mapped "{[/error],produces=[text/html]}" onto public org.springframework.web.servlet.ModelAndView org.springframework.boot.autoconfigure.web.BasicErrorController.errorHtml(javax.servlet.http.HttpServletRequest,javax.servlet.http.HttpServletResponse)
2016-03-16 09:33:13.009  INFO 8712 --- [    Test worker] o.s.w.s.handler.SimpleUrlHandlerMapping  : Mapped URL path [/webjars/**] onto handler of type [class org.springframework.web.servlet.resource.ResourceHttpRequestHandler]
2016-03-16 09:33:13.009  INFO 8712 --- [    Test worker] o.s.w.s.handler.SimpleUrlHandlerMapping  : Mapped URL path [/**] onto handler of type [class org.springframework.web.servlet.resource.ResourceHttpRequestHandler]
2016-03-16 09:33:13.024  INFO 8712 --- [    Test worker] o.s.w.s.handler.SimpleUrlHandlerMapping  : Mapped URL path [/**/favicon.ico] onto handler of type [class org.springframework.web.servlet.resource.ResourceHttpRequestHandler]
2016-03-16 09:33:13.102  INFO 8712 --- [    Test worker] m.MasterSpringMvcApplicationTests        : Started MasterSpringMvcApplicationTests in 1.404 seconds (JVM running for 2.053)
]]></system-out>
  <system-err><![CDATA[]]></system-err>
</testsuite>
